{"/Users/dustyhordofelbamana/Documents/GitHub/javascript-testing/data/mock-homepage-data.js": {"path":"/Users/dustyhordofelbamana/Documents/GitHub/javascript-testing/data/mock-homepage-data.js","statementMap":{"0":{"start":{"line":1,"column":20},"end":{"line":208,"column":1}}},"fnMap":{},"branchMap":{},"s":{"0":1},"f":{},"b":{},"_coverageSchema":"1a1c01bbd47fc00a2c39e90264f33305004495a9","hash":"a336313fe2cc71b2b2229ca4a6fe0df24301ca7c"}
,"/Users/dustyhordofelbamana/Documents/GitHub/javascript-testing/js/constants.js": {"path":"/Users/dustyhordofelbamana/Documents/GitHub/javascript-testing/js/constants.js","statementMap":{"0":{"start":{"line":1,"column":26},"end":{"line":1,"column":46}},"1":{"start":{"line":2,"column":29},"end":{"line":2,"column":37}},"2":{"start":{"line":3,"column":30},"end":{"line":3,"column":31}}},"fnMap":{},"branchMap":{},"s":{"0":1,"1":1,"2":1},"f":{},"b":{},"_coverageSchema":"1a1c01bbd47fc00a2c39e90264f33305004495a9","hash":"84b75f81c18af145bb8647297bf4ea3533f9b3e1"}
,"/Users/dustyhordofelbamana/Documents/GitHub/javascript-testing/js/pages/common/header/index.js": {"path":"/Users/dustyhordofelbamana/Documents/GitHub/javascript-testing/js/pages/common/header/index.js","statementMap":{"0":{"start":{"line":1,"column":15},"end":{"line":25,"column":1}},"1":{"start":{"line":3,"column":8},"end":{"line":23,"column":9}}},"fnMap":{"0":{"name":"(anonymous_0)","decl":{"start":{"line":2,"column":12},"end":{"line":2,"column":13}},"loc":{"start":{"line":2,"column":18},"end":{"line":24,"column":5}},"line":2}},"branchMap":{},"s":{"0":1,"1":0},"f":{"0":0},"b":{},"_coverageSchema":"1a1c01bbd47fc00a2c39e90264f33305004495a9","hash":"d36db75bfff1f6c629b14fc20c10c7f36d837e77"}
,"/Users/dustyhordofelbamana/Documents/GitHub/javascript-testing/js/pages/common/pagination/index.js": {"path":"/Users/dustyhordofelbamana/Documents/GitHub/javascript-testing/js/pages/common/pagination/index.js","statementMap":{"0":{"start":{"line":4,"column":19},"end":{"line":39,"column":1}},"1":{"start":{"line":11,"column":4},"end":{"line":11,"column":47}}},"fnMap":{"0":{"name":"(anonymous_0)","decl":{"start":{"line":10,"column":20},"end":{"line":10,"column":21}},"loc":{"start":{"line":11,"column":4},"end":{"line":11,"column":47}},"line":11}},"branchMap":{},"s":{"0":1,"1":1},"f":{"0":1},"b":{},"_coverageSchema":"1a1c01bbd47fc00a2c39e90264f33305004495a9","hash":"6362f2629971c2bf974f2a311387a15f1467e3a4"}
,"/Users/dustyhordofelbamana/Documents/GitHub/javascript-testing/js/pages/home/index.js": {"path":"/Users/dustyhordofelbamana/Documents/GitHub/javascript-testing/js/pages/home/index.js","statementMap":{"0":{"start":{"line":8,"column":13},"end":{"line":72,"column":1}},"1":{"start":{"line":12,"column":30},"end":{"line":12,"column":61}},"2":{"start":{"line":14,"column":8},"end":{"line":36,"column":9}},"3":{"start":{"line":14,"column":21},"end":{"line":14,"column":32}},"4":{"start":{"line":15,"column":12},"end":{"line":35,"column":13}},"5":{"start":{"line":38,"column":8},"end":{"line":38,"column":35}},"6":{"start":{"line":39,"column":8},"end":{"line":39,"column":30}},"7":{"start":{"line":43,"column":24},"end":{"line":43,"column":51}},"8":{"start":{"line":44,"column":8},"end":{"line":44,"column":30}},"9":{"start":{"line":46,"column":8},"end":{"line":59,"column":9}},"10":{"start":{"line":63,"column":8},"end":{"line":63,"column":28}},"11":{"start":{"line":65,"column":32},"end":{"line":65,"column":74}},"12":{"start":{"line":66,"column":8},"end":{"line":66,"column":38}},"13":{"start":{"line":68,"column":8},"end":{"line":68,"column":71}},"14":{"start":{"line":70,"column":8},"end":{"line":70,"column":37}}},"fnMap":{"0":{"name":"(anonymous_0)","decl":{"start":{"line":11,"column":23},"end":{"line":11,"column":24}},"loc":{"start":{"line":11,"column":34},"end":{"line":40,"column":5}},"line":11},"1":{"name":"(anonymous_1)","decl":{"start":{"line":42,"column":12},"end":{"line":42,"column":13}},"loc":{"start":{"line":42,"column":24},"end":{"line":60,"column":5}},"line":42},"2":{"name":"(anonymous_2)","decl":{"start":{"line":62,"column":18},"end":{"line":62,"column":19}},"loc":{"start":{"line":62,"column":34},"end":{"line":71,"column":5}},"line":62}},"branchMap":{},"s":{"0":1,"1":0,"2":0,"3":0,"4":0,"5":0,"6":0,"7":0,"8":0,"9":0,"10":0,"11":0,"12":0,"13":0,"14":0},"f":{"0":0,"1":0,"2":0},"b":{},"_coverageSchema":"1a1c01bbd47fc00a2c39e90264f33305004495a9","hash":"84a86b40c5ec191d283f1e54fd679c592d65f49d"}
,"/Users/dustyhordofelbamana/Documents/GitHub/javascript-testing/js/samples/unit/unit1.js": {"path":"/Users/dustyhordofelbamana/Documents/GitHub/javascript-testing/js/samples/unit/unit1.js","statementMap":{"0":{"start":{"line":5,"column":24},"end":{"line":15,"column":1}},"1":{"start":{"line":6,"column":4},"end":{"line":8,"column":5}},"2":{"start":{"line":7,"column":8},"end":{"line":7,"column":29}},"3":{"start":{"line":10,"column":4},"end":{"line":12,"column":5}},"4":{"start":{"line":11,"column":8},"end":{"line":11,"column":34}},"5":{"start":{"line":14,"column":4},"end":{"line":14,"column":27}}},"fnMap":{"0":{"name":"(anonymous_0)","decl":{"start":{"line":5,"column":24},"end":{"line":5,"column":25}},"loc":{"start":{"line":5,"column":32},"end":{"line":15,"column":1}},"line":5}},"branchMap":{"0":{"loc":{"start":{"line":6,"column":4},"end":{"line":8,"column":5}},"type":"if","locations":[{"start":{"line":6,"column":4},"end":{"line":8,"column":5}},{"start":{"line":6,"column":4},"end":{"line":8,"column":5}}],"line":6},"1":{"loc":{"start":{"line":10,"column":4},"end":{"line":12,"column":5}},"type":"if","locations":[{"start":{"line":10,"column":4},"end":{"line":12,"column":5}},{"start":{"line":10,"column":4},"end":{"line":12,"column":5}}],"line":10}},"s":{"0":1,"1":3,"2":1,"3":2,"4":1,"5":1},"f":{"0":3},"b":{"0":[1,2],"1":[1,1]},"_coverageSchema":"1a1c01bbd47fc00a2c39e90264f33305004495a9","hash":"75f0f5409f6c89d183644227c7acee3d3024503a"}
,"/Users/dustyhordofelbamana/Documents/GitHub/javascript-testing/js/utils/api/sensorsApi/index.js": {"path":"/Users/dustyhordofelbamana/Documents/GitHub/javascript-testing/js/utils/api/sensorsApi/index.js","statementMap":{"0":{"start":{"line":5,"column":35},"end":{"line":10,"column":48}},"1":{"start":{"line":5,"column":41},"end":{"line":10,"column":48}},"2":{"start":{"line":8,"column":21},"end":{"line":8,"column":31}},"3":{"start":{"line":9,"column":22},"end":{"line":9,"column":34}},"4":{"start":{"line":10,"column":22},"end":{"line":10,"column":47}}},"fnMap":{"0":{"name":"(anonymous_0)","decl":{"start":{"line":5,"column":35},"end":{"line":5,"column":36}},"loc":{"start":{"line":5,"column":41},"end":{"line":10,"column":48}},"line":5},"1":{"name":"(anonymous_1)","decl":{"start":{"line":8,"column":14},"end":{"line":8,"column":15}},"loc":{"start":{"line":8,"column":21},"end":{"line":8,"column":31}},"line":8},"2":{"name":"(anonymous_2)","decl":{"start":{"line":9,"column":14},"end":{"line":9,"column":15}},"loc":{"start":{"line":9,"column":22},"end":{"line":9,"column":34}},"line":9},"3":{"name":"(anonymous_3)","decl":{"start":{"line":10,"column":15},"end":{"line":10,"column":16}},"loc":{"start":{"line":10,"column":22},"end":{"line":10,"column":47}},"line":10}},"branchMap":{"0":{"loc":{"start":{"line":5,"column":41},"end":{"line":10,"column":48}},"type":"cond-expr","locations":[{"start":{"line":6,"column":6},"end":{"line":6,"column":18}},{"start":{"line":7,"column":6},"end":{"line":10,"column":48}}],"line":5}},"s":{"0":1,"1":0,"2":0,"3":0,"4":0},"f":{"0":0,"1":0,"2":0,"3":0},"b":{"0":[0,0]},"_coverageSchema":"1a1c01bbd47fc00a2c39e90264f33305004495a9","hash":"d5746d585fb8b7c8e1dd102327cb0dd4bdb871ab"}
,"/Users/dustyhordofelbamana/Documents/GitHub/javascript-testing/js/utils/env/index.js": {"path":"/Users/dustyhordofelbamana/Documents/GitHub/javascript-testing/js/utils/env/index.js","statementMap":{"0":{"start":{"line":6,"column":27},"end":{"line":6,"column":98}},"1":{"start":{"line":6,"column":33},"end":{"line":6,"column":98}}},"fnMap":{"0":{"name":"(anonymous_0)","decl":{"start":{"line":6,"column":27},"end":{"line":6,"column":28}},"loc":{"start":{"line":6,"column":33},"end":{"line":6,"column":98}},"line":6}},"branchMap":{"0":{"loc":{"start":{"line":6,"column":33},"end":{"line":6,"column":98}},"type":"binary-expr","locations":[{"start":{"line":6,"column":33},"end":{"line":6,"column":63}},{"start":{"line":6,"column":67},"end":{"line":6,"column":98}}],"line":6}},"s":{"0":1,"1":0},"f":{"0":0},"b":{"0":[0,0]},"_coverageSchema":"1a1c01bbd47fc00a2c39e90264f33305004495a9","hash":"5145f00d689bb5f8d0fa076bf514f778e09899d5"}
}
